# JRE version: Java(TM) SE Runtime Environment (8.0_121-b13) (build 1.8.0_121-b13)
# Java VM: Java HotSpot(TM) 64-Bit Server VM (25.121-b13 mixed mode linux-amd64 compressed oops)
Heap:
 PSYoungGen      total 135680K, used 2249K [0x00000000eb800000, 0x00000000f4500000, 0x0000000100000000)
  eden space 126976K, 0% used [0x00000000eb800000,0x00000000eb800000,0x00000000f3400000)
  from space 8704K, 25% used [0x00000000f3400000,0x00000000f3632608,0x00000000f3c80000)
  to   space 8704K, 0% used [0x00000000f3c80000,0x00000000f3c80000,0x00000000f4500000)
 ParOldGen       total 145408K, used 114882K [0x00000000c2800000, 0x00000000cb600000, 0x00000000eb800000)
  object space 145408K, 79% used [0x00000000c2800000,0x00000000c9830b60,0x00000000cb600000)
 Metaspace       used 17873K, capacity 18118K, committed 18304K, reserved 1064960K
  class space    used 2057K, capacity 2129K, committed 2176K, reserved 1048576K
GC Heap History (10 events):
Event: 2.120 GC heap after
Heap after GC invocations=2 (full 0):
 PSYoungGen      total 34304K, used 2549K [0x00000000eb800000, 0x00000000edc00000, 0x0000000100000000)
  eden space 31744K, 0% used [0x00000000eb800000,0x00000000eb800000,0x00000000ed700000)
  from space 2560K, 99% used [0x00000000ed980000,0x00000000edbfd6f0,0x00000000edc00000)
  to   space 2560K, 0% used [0x00000000ed700000,0x00000000ed700000,0x00000000ed980000)
 ParOldGen       total 42496K, used 887K [0x00000000c2800000, 0x00000000c5180000, 0x00000000eb800000)
  object space 42496K, 2% used [0x00000000c2800000,0x00000000c28dde98,0x00000000c5180000)
 Metaspace       used 9190K, capacity 9396K, committed 9728K, reserved 1058816K
  class space    used 1096K, capacity 1188K, committed 1280K, reserved 1048576K
}
Event: 2.952 GC heap before
{Heap before GC invocations=3 (full 0):
 PSYoungGen      total 34304K, used 34293K [0x00000000eb800000, 0x00000000edc00000, 0x0000000100000000)
  eden space 31744K, 100% used [0x00000000eb800000,0x00000000ed700000,0x00000000ed700000)
  from space 2560K, 99% used [0x00000000ed980000,0x00000000edbfd6f0,0x00000000edc00000)
  to   space 2560K, 0% used [0x00000000ed700000,0x00000000ed700000,0x00000000ed980000)
 ParOldGen       total 42496K, used 887K [0x00000000c2800000, 0x00000000c5180000, 0x00000000eb800000)
  object space 42496K, 2% used [0x00000000c2800000,0x00000000c28dde98,0x00000000c5180000)
 Metaspace       used 12414K, capacity 12582K, committed 12928K, reserved 1060864K
  class space    used 1471K, capacity 1543K, committed 1664K, reserved 1048576K
Event: 2.962 GC heap after
Heap after GC invocations=3 (full 0):
 PSYoungGen      total 34304K, used 2529K [0x00000000eb800000, 0x00000000efb00000, 0x0000000100000000)
  eden space 31744K, 0% used [0x00000000eb800000,0x00000000eb800000,0x00000000ed700000)
  from space 2560K, 98% used [0x00000000ed700000,0x00000000ed9784c8,0x00000000ed980000)
  to   space 2560K, 0% used [0x00000000ef880000,0x00000000ef880000,0x00000000efb00000)
 ParOldGen       total 42496K, used 3837K [0x00000000c2800000, 0x00000000c5180000, 0x00000000eb800000)
  object space 42496K, 9% used [0x00000000c2800000,0x00000000c2bbf4d8,0x00000000c5180000)
 Metaspace       used 12414K, capacity 12582K, committed 12928K, reserved 1060864K
  class space    used 1471K, capacity 1543K, committed 1664K, reserved 1048576K
}
Event: 4.527 GC heap before
{Heap before GC invocations=4 (full 0):
 PSYoungGen      total 34304K, used 34273K [0x00000000eb800000, 0x00000000efb00000, 0x0000000100000000)
  eden space 31744K, 100% used [0x00000000eb800000,0x00000000ed700000,0x00000000ed700000)
  from space 2560K, 98% used [0x00000000ed700000,0x00000000ed9784c8,0x00000000ed980000)
  to   space 2560K, 0% used [0x00000000ef880000,0x00000000ef880000,0x00000000efb00000)
 ParOldGen       total 42496K, used 3837K [0x00000000c2800000, 0x00000000c5180000, 0x00000000eb800000)
  object space 42496K, 9% used [0x00000000c2800000,0x00000000c2bbf4d8,0x00000000c5180000)
 Metaspace       used 16030K, capacity 16262K, committed 16640K, reserved 1064960K
  class space    used 1871K, capacity 1937K, committed 2048K, reserved 1048576K
Event: 4.603 GC heap after
Heap after GC invocations=4 (full 0):
 PSYoungGen      total 66048K, used 2545K [0x00000000eb800000, 0x00000000efb00000, 0x0000000100000000)
  eden space 63488K, 0% used [0x00000000eb800000,0x00000000eb800000,0x00000000ef600000)
  from space 2560K, 99% used [0x00000000ef880000,0x00000000efafc4b8,0x00000000efb00000)
  to   space 2560K, 0% used [0x00000000ef600000,0x00000000ef600000,0x00000000ef880000)
 ParOldGen       total 42496K, used 7608K [0x00000000c2800000, 0x00000000c5180000, 0x00000000eb800000)
  object space 42496K, 17% used [0x00000000c2800000,0x00000000c2f6e128,0x00000000c5180000)
 Metaspace       used 16030K, capacity 16262K, committed 16640K, reserved 1064960K
  class space    used 1871K, capacity 1937K, committed 2048K, reserved 1048576K
}
Event: 6.294 GC heap before
{Heap before GC invocations=5 (full 0):
 PSYoungGen      total 66048K, used 66033K [0x00000000eb800000, 0x00000000efb00000, 0x0000000100000000)
  eden space 63488K, 100% used [0x00000000eb800000,0x00000000ef600000,0x00000000ef600000)
  from space 2560K, 99% used [0x00000000ef880000,0x00000000efafc4b8,0x00000000efb00000)
  to   space 2560K, 0% used [0x00000000ef600000,0x00000000ef600000,0x00000000ef880000)
 ParOldGen       total 145408K, used 110008K [0x00000000c2800000, 0x00000000cb600000, 0x00000000eb800000)
  object space 145408K, 75% used [0x00000000c2800000,0x00000000c936e138,0x00000000cb600000)
 Metaspace       used 17815K, capacity 18054K, committed 18304K, reserved 1064960K
  class space    used 2057K, capacity 2129K, committed 2176K, reserved 1048576K
Event: 6.387 GC heap after
Heap after GC invocations=5 (full 0):
 PSYoungGen      total 66048K, used 2544K [0x00000000eb800000, 0x00000000f4500000, 0x0000000100000000)
  eden space 63488K, 0% used [0x00000000eb800000,0x00000000eb800000,0x00000000ef600000)
  from space 2560K, 99% used [0x00000000ef600000,0x00000000ef87c050,0x00000000ef880000)
  to   space 8704K, 0% used [0x00000000f3c80000,0x00000000f3c80000,0x00000000f4500000)
 ParOldGen       total 145408K, used 114450K [0x00000000c2800000, 0x00000000cb600000, 0x00000000eb800000)
  object space 145408K, 78% used [0x00000000c2800000,0x00000000c97c4b60,0x00000000cb600000)
 Metaspace       used 17815K, capacity 18054K, committed 18304K, reserved 1064960K
  class space    used 2057K, capacity 2129K, committed 2176K, reserved 1048576K
}
Event: 7.340 GC heap before
{Heap before GC invocations=6 (full 0):
 PSYoungGen      total 66048K, used 66032K [0x00000000eb800000, 0x00000000f4500000, 0x0000000100000000)
  eden space 63488K, 100% used [0x00000000eb800000,0x00000000ef600000,0x00000000ef600000)
  from space 2560K, 99% used [0x00000000ef600000,0x00000000ef87c050,0x00000000ef880000)
  to   space 8704K, 0% used [0x00000000f3c80000,0x00000000f3c80000,0x00000000f4500000)
 ParOldGen       total 145408K, used 114450K [0x00000000c2800000, 0x00000000cb600000, 0x00000000eb800000)
  object space 145408K, 78% used [0x00000000c2800000,0x00000000c97c4b60,0x00000000cb600000)
 Metaspace       used 17856K, capacity 18118K, committed 18304K, reserved 1064960K
  class space    used 2057K, capacity 2129K, committed 2176K, reserved 1048576K
Event: 7.371 GC heap after
Heap after GC invocations=6 (full 0):
 PSYoungGen      total 135680K, used 2633K [0x00000000eb800000, 0x00000000f4500000, 0x0000000100000000)
  eden space 126976K, 0% used [0x00000000eb800000,0x00000000eb800000,0x00000000f3400000)
  from space 8704K, 30% used [0x00000000f3c80000,0x00000000f3f12700,0x00000000f4500000)
  to   space 8704K, 0% used [0x00000000f3400000,0x00000000f3400000,0x00000000f3c80000)
 ParOldGen       total 145408K, used 114450K [0x00000000c2800000, 0x00000000cb600000, 0x00000000eb800000)
  object space 145408K, 78% used [0x00000000c2800000,0x00000000c97c4b60,0x00000000cb600000)
 Metaspace       used 17856K, capacity 18118K, committed 18304K, reserved 1064960K
  class space    used 2057K, capacity 2129K, committed 2176K, reserved 1048576K
}
Event: 9.273 GC heap before
{Heap before GC invocations=7 (full 0):
 PSYoungGen      total 135680K, used 129609K [0x00000000eb800000, 0x00000000f4500000, 0x0000000100000000)
  eden space 126976K, 100% used [0x00000000eb800000,0x00000000f3400000,0x00000000f3400000)
  from space 8704K, 30% used [0x00000000f3c80000,0x00000000f3f12700,0x00000000f4500000)
  to   space 8704K, 0% used [0x00000000f3400000,0x00000000f3400000,0x00000000f3c80000)
 ParOldGen       total 145408K, used 114450K [0x00000000c2800000, 0x00000000cb600000, 0x00000000eb800000)
  object space 145408K, 78% used [0x00000000c2800000,0x00000000c97c4b60,0x00000000cb600000)
 Metaspace       used 17873K, capacity 18118K, committed 18304K, reserved 1064960K
  class space    used 2057K, capacity 2129K, committed 2176K, reserved 1048576K

